ERROR:django.request:Internal Server Error: /
Traceback (most recent call last):
  File "/Users/apple/Documents/flowless/poll/lib/python3.10/site-packages/django/core/handlers/exception.py", line 47, in inner
    response = get_response(request)
  File "/Users/apple/Documents/flowless/poll/lib/python3.10/site-packages/django/core/handlers/base.py", line 179, in _get_response
    response = wrapped_callback(request, *callback_args, **callback_kwargs)
  File "/Users/apple/Documents/flowless/poll/lib/python3.10/site-packages/django/views/decorators/csrf.py", line 54, in wrapped_view
    return view_func(*args, **kwargs)
  File "/Users/apple/Documents/flowless/poll/lib/python3.10/site-packages/django/views/generic/base.py", line 73, in view
    return self.dispatch(request, *args, **kwargs)
  File "/Users/apple/Documents/flowless/poll/lib/python3.10/site-packages/rest_framework/views.py", line 509, in dispatch
    response = self.handle_exception(exc)
  File "/Users/apple/Documents/flowless/poll/lib/python3.10/site-packages/rest_framework/views.py", line 469, in handle_exception
    self.raise_uncaught_exception(exc)
  File "/Users/apple/Documents/flowless/poll/lib/python3.10/site-packages/rest_framework/views.py", line 480, in raise_uncaught_exception
    raise exc
  File "/Users/apple/Documents/flowless/poll/lib/python3.10/site-packages/rest_framework/views.py", line 506, in dispatch
    response = handler(request, *args, **kwargs)
  File "/Users/apple/Documents/flowless/poll/lib/python3.10/site-packages/rest_framework/generics.py", line 239, in get
    return self.list(request, *args, **kwargs)
  File "/Users/apple/Documents/flowless/poll/lib/python3.10/site-packages/rest_framework/mixins.py", line 38, in list
    queryset = self.filter_queryset(self.get_queryset())
  File "/Users/apple/Documents/flowless/poll/lib/python3.10/site-packages/rest_framework/generics.py", line 150, in filter_queryset
    queryset = backend().filter_queryset(self.request, queryset, self)
AttributeError: 'IsAuthenticated' object has no attribute 'filter_queryset'
INFO:django.utils.autoreload:/Users/apple/Documents/flowless/poll/poll/main/views.py changed, reloading.
DEBUG:asyncio:Using selector: KqueueSelector
